  GBoxApp.cpp
D:\Visual_Studio\Projects\Gravel\Gravel\src\Gravel\Log.h(24,42): warning C4251: 'Gravel::Log::s_CoreLogger': class 'std::shared_ptr<spdlog::logger>' needs to have dll-interface to be used by clients of class 'Gravel::Log'
D:\Visual_Studio\Projects\Gravel\Gravel\vendor\spdlog\include\spdlog\details\registry.h(34,31): message : see declaration of 'std::shared_ptr<spdlog::logger>'
D:\Visual_Studio\Projects\Gravel\Gravel\src\Gravel\Log.h(25,42): warning C4251: 'Gravel::Log::s_ClientLogger': class 'std::shared_ptr<spdlog::logger>' needs to have dll-interface to be used by clients of class 'Gravel::Log'
D:\Visual_Studio\Projects\Gravel\Gravel\vendor\spdlog\include\spdlog\details\registry.h(34,31): message : see declaration of 'std::shared_ptr<spdlog::logger>'
D:\Visual_Studio\Projects\Gravel\Gravel\src\Gravel\Layer.h(28,15): warning C4251: 'Gravel::Layer::m_DebugName': class 'std::basic_string<char,std::char_traits<char>,std::allocator<char>>' needs to have dll-interface to be used by clients of class 'Gravel::Layer'
C:\Program Files\Microsoft Visual Studio\2022\Professional\VC\Tools\MSVC\14.34.31933\include\xstring(5294,17): message : see declaration of 'std::basic_string<char,std::char_traits<char>,std::allocator<char>>'
D:\Visual_Studio\Projects\Gravel\Gravel\src\Gravel\LayerStack.h(31,23): warning C4251: 'Gravel::LayerStack::m_Layers': class 'std::vector<Gravel::Layer *,std::allocator<Gravel::Layer *>>' needs to have dll-interface to be used by clients of class 'Gravel::LayerStack'
D:\Visual_Studio\Projects\Gravel\Gravel\src\Gravel\LayerStack.h(26,8): message : see declaration of 'std::vector<Gravel::Layer *,std::allocator<Gravel::Layer *>>'
D:\Visual_Studio\Projects\Gravel\Gravel\src\Gravel\LayerStack.h(33,33): warning C4251: 'Gravel::LayerStack::m_LayerInsert': class 'std::_Vector_iterator<std::_Vector_val<std::_Simple_types<_Ty>>>' needs to have dll-interface to be used by clients of class 'Gravel::LayerStack'
          with
          [
              _Ty=Gravel::Layer *
          ]
C:\Program Files\Microsoft Visual Studio\2022\Professional\VC\Tools\MSVC\14.34.31933\include\vector(668,36): message : see declaration of 'std::_Vector_iterator<std::_Vector_val<std::_Simple_types<_Ty>>>'
          with
          [
              _Ty=Gravel::Layer *
          ]
D:\Visual_Studio\Projects\Gravel\Gravel\src\Gravel\Application.h(32,27): warning C4251: 'Gravel::Application::m_Window': class 'std::unique_ptr<Gravel::Window,std::default_delete<Gravel::Window>>' needs to have dll-interface to be used by clients of class 'Gravel::Application'
D:\Visual_Studio\Projects\Gravel\Gravel\src\Gravel\Application.h(32,8): message : see declaration of 'std::unique_ptr<Gravel::Window,std::default_delete<Gravel::Window>>'
  Gbox.vcxproj -> D:\Visual_Studio\Projects\Gravel\bin\Debug-windows-x86_64\Gbox\Gbox.exe
