  grvpch.cpp
D:\Visual_Studio\Projects\Gravel\Gravel\src\Gravel\Log.h(24,42): warning C4251: 'Gravel::Log::s_CoreLogger': class 'std::shared_ptr<spdlog::logger>' needs to have dll-interface to be used by clients of class 'Gravel::Log'
D:\Visual_Studio\Projects\Gravel\Gravel\vendor\spdlog\include\spdlog\details\registry.h(34,31): message : see declaration of 'std::shared_ptr<spdlog::logger>'
D:\Visual_Studio\Projects\Gravel\Gravel\src\Gravel\Log.h(25,42): warning C4251: 'Gravel::Log::s_ClientLogger': class 'std::shared_ptr<spdlog::logger>' needs to have dll-interface to be used by clients of class 'Gravel::Log'
D:\Visual_Studio\Projects\Gravel\Gravel\vendor\spdlog\include\spdlog\details\registry.h(34,31): message : see declaration of 'std::shared_ptr<spdlog::logger>'
  Application.cpp
D:\Visual_Studio\Projects\Gravel\Gravel\src\Gravel\Layer.h(28,15): warning C4251: 'Gravel::Layer::m_DebugName': class 'std::basic_string<char,std::char_traits<char>,std::allocator<char>>' needs to have dll-interface to be used by clients of class 'Gravel::Layer'
C:\Program Files\Microsoft Visual Studio\2022\Professional\VC\Tools\MSVC\14.34.31933\include\xstring(5294,17): message : see declaration of 'std::basic_string<char,std::char_traits<char>,std::allocator<char>>'
D:\Visual_Studio\Projects\Gravel\Gravel\src\Gravel\LayerStack.h(31,23): warning C4251: 'Gravel::LayerStack::m_Layers': class 'std::vector<Gravel::Layer *,std::allocator<Gravel::Layer *>>' needs to have dll-interface to be used by clients of class 'Gravel::LayerStack'
D:\Visual_Studio\Projects\Gravel\Gravel\src\Gravel\LayerStack.h(26,8): message : see declaration of 'std::vector<Gravel::Layer *,std::allocator<Gravel::Layer *>>'
D:\Visual_Studio\Projects\Gravel\Gravel\src\Gravel\LayerStack.h(33,33): warning C4251: 'Gravel::LayerStack::m_LayerInsert': class 'std::_Vector_iterator<std::_Vector_val<std::_Simple_types<_Ty>>>' needs to have dll-interface to be used by clients of class 'Gravel::LayerStack'
          with
          [
              _Ty=Gravel::Layer *
          ]
C:\Program Files\Microsoft Visual Studio\2022\Professional\VC\Tools\MSVC\14.34.31933\include\vector(668,36): message : see declaration of 'std::_Vector_iterator<std::_Vector_val<std::_Simple_types<_Ty>>>'
          with
          [
              _Ty=Gravel::Layer *
          ]
D:\Visual_Studio\Projects\Gravel\Gravel\src\Gravel\Application.h(36,27): warning C4251: 'Gravel::Application::m_Window': class 'std::unique_ptr<Gravel::Window,std::default_delete<Gravel::Window>>' needs to have dll-interface to be used by clients of class 'Gravel::Application'
D:\Visual_Studio\Projects\Gravel\Gravel\src\Gravel\Application.h(36,8): message : see declaration of 'std::unique_ptr<Gravel::Window,std::default_delete<Gravel::Window>>'
  ImGuiLayer.cpp
D:\Visual_Studio\Projects\Gravel\Gravel\src\Gravel\Layer.h(28,15): warning C4251: 'Gravel::Layer::m_DebugName': class 'std::basic_string<char,std::char_traits<char>,std::allocator<char>>' needs to have dll-interface to be used by clients of class 'Gravel::Layer'
C:\Program Files\Microsoft Visual Studio\2022\Professional\VC\Tools\MSVC\14.34.31933\include\xstring(5294,17): message : see declaration of 'std::basic_string<char,std::char_traits<char>,std::allocator<char>>'
D:\Visual_Studio\Projects\Gravel\Gravel\src\Gravel\LayerStack.h(31,23): warning C4251: 'Gravel::LayerStack::m_Layers': class 'std::vector<Gravel::Layer *,std::allocator<Gravel::Layer *>>' needs to have dll-interface to be used by clients of class 'Gravel::LayerStack'
D:\Visual_Studio\Projects\Gravel\Gravel\src\Gravel\LayerStack.h(26,8): message : see declaration of 'std::vector<Gravel::Layer *,std::allocator<Gravel::Layer *>>'
D:\Visual_Studio\Projects\Gravel\Gravel\src\Gravel\LayerStack.h(33,33): warning C4251: 'Gravel::LayerStack::m_LayerInsert': class 'std::_Vector_iterator<std::_Vector_val<std::_Simple_types<_Ty>>>' needs to have dll-interface to be used by clients of class 'Gravel::LayerStack'
          with
          [
              _Ty=Gravel::Layer *
          ]
C:\Program Files\Microsoft Visual Studio\2022\Professional\VC\Tools\MSVC\14.34.31933\include\vector(668,36): message : see declaration of 'std::_Vector_iterator<std::_Vector_val<std::_Simple_types<_Ty>>>'
          with
          [
              _Ty=Gravel::Layer *
          ]
D:\Visual_Studio\Projects\Gravel\Gravel\src\Gravel\Application.h(36,27): warning C4251: 'Gravel::Application::m_Window': class 'std::unique_ptr<Gravel::Window,std::default_delete<Gravel::Window>>' needs to have dll-interface to be used by clients of class 'Gravel::Application'
D:\Visual_Studio\Projects\Gravel\Gravel\src\Gravel\Application.h(36,8): message : see declaration of 'std::unique_ptr<Gravel::Window,std::default_delete<Gravel::Window>>'
D:\Visual_Studio\Projects\Gravel\Gravel\src\Gravel\ImGui\ImGuiLayer.cpp(91,80): warning C4244: 'argument': conversion from 'unsigned int' to 'float', possible loss of data
D:\Visual_Studio\Projects\Gravel\Gravel\src\Gravel\ImGui\ImGuiLayer.cpp(91,51): warning C4244: 'argument': conversion from 'unsigned int' to 'float', possible loss of data
D:\Visual_Studio\Projects\Gravel\Gravel\src\Gravel\ImGui\ImGuiLayer.cpp(203,52): warning C4244: 'argument': conversion from 'unsigned int' to 'float', possible loss of data
D:\Visual_Studio\Projects\Gravel\Gravel\src\Gravel\ImGui\ImGuiLayer.cpp(203,37): warning C4244: 'argument': conversion from 'unsigned int' to 'float', possible loss of data
  Layer.cpp
D:\Visual_Studio\Projects\Gravel\Gravel\src\Gravel\Layer.h(28,15): warning C4251: 'Gravel::Layer::m_DebugName': class 'std::basic_string<char,std::char_traits<char>,std::allocator<char>>' needs to have dll-interface to be used by clients of class 'Gravel::Layer'
C:\Program Files\Microsoft Visual Studio\2022\Professional\VC\Tools\MSVC\14.34.31933\include\xstring(5294,17): message : see declaration of 'std::basic_string<char,std::char_traits<char>,std::allocator<char>>'
  LayerStack.cpp
D:\Visual_Studio\Projects\Gravel\Gravel\src\Gravel\Layer.h(28,15): warning C4251: 'Gravel::Layer::m_DebugName': class 'std::basic_string<char,std::char_traits<char>,std::allocator<char>>' needs to have dll-interface to be used by clients of class 'Gravel::Layer'
C:\Program Files\Microsoft Visual Studio\2022\Professional\VC\Tools\MSVC\14.34.31933\include\xstring(5294,17): message : see declaration of 'std::basic_string<char,std::char_traits<char>,std::allocator<char>>'
D:\Visual_Studio\Projects\Gravel\Gravel\src\Gravel\LayerStack.h(31,23): warning C4251: 'Gravel::LayerStack::m_Layers': class 'std::vector<Gravel::Layer *,std::allocator<Gravel::Layer *>>' needs to have dll-interface to be used by clients of class 'Gravel::LayerStack'
D:\Visual_Studio\Projects\Gravel\Gravel\src\Gravel\LayerStack.h(26,8): message : see declaration of 'std::vector<Gravel::Layer *,std::allocator<Gravel::Layer *>>'
D:\Visual_Studio\Projects\Gravel\Gravel\src\Gravel\LayerStack.h(33,33): warning C4251: 'Gravel::LayerStack::m_LayerInsert': class 'std::_Vector_iterator<std::_Vector_val<std::_Simple_types<_Ty>>>' needs to have dll-interface to be used by clients of class 'Gravel::LayerStack'
          with
          [
              _Ty=Gravel::Layer *
          ]
C:\Program Files\Microsoft Visual Studio\2022\Professional\VC\Tools\MSVC\14.34.31933\include\vector(668,36): message : see declaration of 'std::_Vector_iterator<std::_Vector_val<std::_Simple_types<_Ty>>>'
          with
          [
              _Ty=Gravel::Layer *
          ]
  Log.cpp
  ImGuiOpenGLRenderer.cpp
D:\Visual_Studio\Projects\Gravel\Gravel\src\Platform\OpenGL\ImGuiOpenGLRenderer.cpp(53): warning C4603: '_CRT_SECURE_NO_WARNINGS': macro is not defined or definition is different after precompiled header use
D:\Visual_Studio\Projects\Gravel\Gravel\src\Platform\OpenGL\ImGuiOpenGLRenderer.cpp(53): message : Add macro to precompiled header instead of defining here
D:\Visual_Studio\Projects\Gravel\Gravel\src\Platform\OpenGL\ImGuiOpenGLRenderer.cpp(56,1): message : use of precompiled header
D:\Visual_Studio\Projects\Gravel\Gravel\src\Platform\OpenGL\ImGuiOpenGLRenderer.cpp(99,5): warning C4996: 'strcpy': This function or variable may be unsafe. Consider using strcpy_s instead. To disable deprecation, use _CRT_SECURE_NO_WARNINGS. See online help for details.
D:\Visual_Studio\Projects\Gravel\Gravel\src\Platform\OpenGL\ImGuiOpenGLRenderer.cpp(100,5): warning C4996: 'strcat': This function or variable may be unsafe. Consider using strcat_s instead. To disable deprecation, use _CRT_SECURE_NO_WARNINGS. See online help for details.
D:\Visual_Studio\Projects\Gravel\Gravel\src\Platform\OpenGL\ImGuiOpenGLRenderer.cpp(353,5): warning C4996: 'sscanf': This function or variable may be unsafe. Consider using sscanf_s instead. To disable deprecation, use _CRT_SECURE_NO_WARNINGS. See online help for details.
  WindowsInput.cpp
D:\Visual_Studio\Projects\Gravel\Gravel\src\Gravel\Layer.h(28,15): warning C4251: 'Gravel::Layer::m_DebugName': class 'std::basic_string<char,std::char_traits<char>,std::allocator<char>>' needs to have dll-interface to be used by clients of class 'Gravel::Layer'
C:\Program Files\Microsoft Visual Studio\2022\Professional\VC\Tools\MSVC\14.34.31933\include\xstring(5294,17): message : see declaration of 'std::basic_string<char,std::char_traits<char>,std::allocator<char>>'
D:\Visual_Studio\Projects\Gravel\Gravel\src\Gravel\LayerStack.h(31,23): warning C4251: 'Gravel::LayerStack::m_Layers': class 'std::vector<Gravel::Layer *,std::allocator<Gravel::Layer *>>' needs to have dll-interface to be used by clients of class 'Gravel::LayerStack'
D:\Visual_Studio\Projects\Gravel\Gravel\src\Gravel\LayerStack.h(26,8): message : see declaration of 'std::vector<Gravel::Layer *,std::allocator<Gravel::Layer *>>'
D:\Visual_Studio\Projects\Gravel\Gravel\src\Gravel\LayerStack.h(33,33): warning C4251: 'Gravel::LayerStack::m_LayerInsert': class 'std::_Vector_iterator<std::_Vector_val<std::_Simple_types<_Ty>>>' needs to have dll-interface to be used by clients of class 'Gravel::LayerStack'
          with
          [
              _Ty=Gravel::Layer *
          ]
C:\Program Files\Microsoft Visual Studio\2022\Professional\VC\Tools\MSVC\14.34.31933\include\vector(668,36): message : see declaration of 'std::_Vector_iterator<std::_Vector_val<std::_Simple_types<_Ty>>>'
          with
          [
              _Ty=Gravel::Layer *
          ]
D:\Visual_Studio\Projects\Gravel\Gravel\src\Gravel\Application.h(36,27): warning C4251: 'Gravel::Application::m_Window': class 'std::unique_ptr<Gravel::Window,std::default_delete<Gravel::Window>>' needs to have dll-interface to be used by clients of class 'Gravel::Application'
D:\Visual_Studio\Projects\Gravel\Gravel\src\Gravel\Application.h(36,8): message : see declaration of 'std::unique_ptr<Gravel::Window,std::default_delete<Gravel::Window>>'
  WindowsWindow.cpp
  Generating Code...
  Gravel.vcxproj -> D:\Visual_Studio\Projects\Gravel\bin\Debug-windows-x86_64\Gravel\Gravel.dll
